#
# There is insufficient memory for the Java Runtime Environment to continue.
# Native memory allocation (malloc) failed to allocate 32744 bytes for ChunkPool::allocate
# Possible reasons:
#   The system is out of physical RAM or swap space
#   The process is running with CompressedOops enabled, and the Java Heap may be blocking the growth of the native heap
# Possible solutions:
#   Reduce memory load on the system
#   Increase physical memory or swap space
#   Check if swap backing store is full
#   Decrease Java heap size (-Xmx/-Xms)
#   Decrease number of Java threads
#   Decrease Java thread stack sizes (-Xss)
#   Set larger code cache with -XX:ReservedCodeCacheSize=
#   JVM is running with Unscaled Compressed Oops mode in which the Java heap is
#     placed in the first 4GB address space. The Java Heap base address is the
#     maximum limit for the native heap growth. Please use -XX:HeapBaseMinAddress
#     to set the Java Heap base and to place the Java Heap above 4GB virtual address.
# This output file may be truncated or incomplete.
#
#  Out of Memory Error (./src/hotspot/share/memory/arena.cpp:81), pid=8976, tid=5260
#
# JRE version: OpenJDK Runtime Environment (11.0.13) (build 11.0.13+0-b1751.21-8125866)
# Java VM: OpenJDK 64-Bit Server VM (11.0.13+0-b1751.21-8125866, mixed mode, tiered, compressed oops, g1 gc, windows-amd64)
# No core dump will be written. Minidumps are not enabled by default on client versions of Windows
#

---------------  S U M M A R Y ------------

Command Line: --add-opens=java.base/java.util=ALL-UNNAMED --add-opens=java.base/java.lang=ALL-UNNAMED --add-opens=java.base/java.lang.invoke=ALL-UNNAMED --add-opens=java.base/java.util=ALL-UNNAMED --add-opens=java.prefs/java.util.prefs=ALL-UNNAMED --add-opens=java.prefs/java.util.prefs=ALL-UNNAMED --add-opens=java.base/java.nio.charset=ALL-UNNAMED --add-opens=java.base/java.net=ALL-UNNAMED --add-opens=java.base/java.util.concurrent.atomic=ALL-UNNAMED -Xmx1536M -Dfile.encoding=windows-1252 -Duser.country=ES -Duser.language=es -Duser.variant org.gradle.launcher.daemon.bootstrap.GradleDaemon 7.5

Host: Intel(R) Celeron(R) CPU 1007U @ 1.50GHz, 2 cores, 3G,  Windows 10 , 64 bit Build 19041 (10.0.19041.2546)
Time: Sat Mar 11 16:20:30 2023 Hora estándar de Argentina elapsed time: 313.300482 seconds (0d 0h 5m 13s)

---------------  T H R E A D  ---------------

Current thread (0x0000017b829d5800):  JavaThread "C2 CompilerThread0" daemon [_thread_in_native, id=5260, stack(0x00000023d6800000,0x00000023d6900000)]


Current CompileTask:
C2: 313300 14948       4       org.gradle.internal.logging.text.AbstractLineChoppingStyledTextOutput$1::execute (140 bytes)

Stack: [0x00000023d6800000,0x00000023d6900000]
Native frames: (J=compiled Java code, j=interpreted, Vv=VM code, C=native code)
V  [jvm.dll+0x6100fa]
V  [jvm.dll+0x747090]
V  [jvm.dll+0x7486ad]
V  [jvm.dll+0x748d83]
V  [jvm.dll+0x24ab48]
V  [jvm.dll+0xc075b]
V  [jvm.dll+0xc0a0c]
V  [jvm.dll+0xc060c]
V  [jvm.dll+0x5eed90]
V  [jvm.dll+0x523f51]
V  [jvm.dll+0x204802]
V  [jvm.dll+0x2023c2]
V  [jvm.dll+0x188e01]
V  [jvm.dll+0x21106b]
V  [jvm.dll+0x20f8c1]
V  [jvm.dll+0x70de0f]
V  [jvm.dll+0x706a75]
V  [jvm.dll+0x60ed66]
C  [ucrtbase.dll+0x21bb2]
C  [KERNEL32.DLL+0x17614]
C  [ntdll.dll+0x526a1]


---------------  P R O C E S S  ---------------

Threads class SMR info:
_java_thread_list=0x0000017b897956f0, length=63, elements={
0x0000017be9c53800, 0x0000017b8296c800, 0x0000017b82970000, 0x0000017b829ce800,
0x0000017b829d1000, 0x0000017b829d4800, 0x0000017b829d5800, 0x0000017b829df000,
0x0000017b829eb800, 0x0000017b82c57000, 0x0000017b83d3e800, 0x0000017b83a4b000,
0x0000017b845e1000, 0x0000017b83bfe800, 0x0000017b82e31800, 0x0000017b8310a800,
0x0000017b83152800, 0x0000017b836bb800, 0x0000017b836bc000, 0x0000017b82e5a800,
0x0000017b83acb800, 0x0000017b83acc000, 0x0000017b83acd000, 0x0000017b83acf800,
0x0000017b83ad1000, 0x0000017b83ad2000, 0x0000017b83acd800, 0x0000017b83ace800,
0x0000017b83ad0000, 0x0000017b85773800, 0x0000017b85774000, 0x0000017b85771800,
0x0000017b85772800, 0x0000017b85776000, 0x0000017b85776800, 0x0000017b85771000,
0x0000017b8577a000, 0x0000017b8577a800, 0x0000017b8577b800, 0x0000017b85778000,
0x0000017b8577c800, 0x0000017b8577d000, 0x0000017b85777800, 0x0000017b8577e000,
0x0000017b8577e800, 0x0000017b85779000, 0x0000017b8577f800, 0x0000017b85a74800,
0x0000017b85a78800, 0x0000017b85a74000, 0x0000017b85a7a800, 0x0000017b85a79800,
0x0000017b85a75800, 0x0000017b85a76000, 0x0000017b85a7d000, 0x0000017b85a78000,
0x0000017b85a77000, 0x0000017b85a7b000, 0x0000017b85a81000, 0x0000017b85a80000,
0x0000017b85a7f000, 0x0000017b85a7e800, 0x0000017b85a81800
}

Java Threads: ( => current thread )
  0x0000017be9c53800 JavaThread "main" [_thread_blocked, id=4964, stack(0x00000023d5c00000,0x00000023d5d00000)]
  0x0000017b8296c800 JavaThread "Reference Handler" daemon [_thread_blocked, id=8536, stack(0x00000023d6300000,0x00000023d6400000)]
  0x0000017b82970000 JavaThread "Finalizer" daemon [_thread_blocked, id=9936, stack(0x00000023d6400000,0x00000023d6500000)]
  0x0000017b829ce800 JavaThread "Signal Dispatcher" daemon [_thread_blocked, id=32, stack(0x00000023d6500000,0x00000023d6600000)]
  0x0000017b829d1000 JavaThread "Attach Listener" daemon [_thread_blocked, id=7428, stack(0x00000023d6600000,0x00000023d6700000)]
  0x0000017b829d4800 JavaThread "Service Thread" daemon [_thread_blocked, id=7124, stack(0x00000023d6700000,0x00000023d6800000)]
=>0x0000017b829d5800 JavaThread "C2 CompilerThread0" daemon [_thread_in_native, id=5260, stack(0x00000023d6800000,0x00000023d6900000)]
  0x0000017b829df000 JavaThread "C1 CompilerThread0" daemon [_thread_blocked, id=9568, stack(0x00000023d6900000,0x00000023d6a00000)]
  0x0000017b829eb800 JavaThread "Sweeper thread" daemon [_thread_blocked, id=4968, stack(0x00000023d6a00000,0x00000023d6b00000)]
  0x0000017b82c57000 JavaThread "Common-Cleaner" daemon [_thread_blocked, id=6700, stack(0x00000023d6b00000,0x00000023d6c00000)]
  0x0000017b83d3e800 JavaThread "Daemon health stats" [_thread_blocked, id=11048, stack(0x00000023d6e00000,0x00000023d6f00000)]
  0x0000017b83a4b000 JavaThread "Incoming local TCP Connector on port 59361" [_thread_in_native, id=8876, stack(0x00000023d6f00000,0x00000023d7000000)]
  0x0000017b845e1000 JavaThread "Daemon periodic checks" [_thread_blocked, id=4756, stack(0x00000023d7000000,0x00000023d7100000)]
  0x0000017b83bfe800 JavaThread "Daemon" [_thread_blocked, id=3360, stack(0x00000023d7100000,0x00000023d7200000)]
  0x0000017b82e31800 JavaThread "Handler for socket connection from /127.0.0.1:59361 to /127.0.0.1:59364" [_thread_in_native, id=5608, stack(0x00000023d7200000,0x00000023d7300000)]
  0x0000017b8310a800 JavaThread "Cancel handler" [_thread_blocked, id=8464, stack(0x00000023d7300000,0x00000023d7400000)]
  0x0000017b83152800 JavaThread "Daemon worker" [_thread_blocked, id=9088, stack(0x00000023d7400000,0x00000023d7500000)]
  0x0000017b836bb800 JavaThread "Asynchronous log dispatcher for DefaultDaemonConnection: socket connection from /127.0.0.1:59361 to /127.0.0.1:59364" [_thread_blocked, id=1628, stack(0x00000023d7500000,0x00000023d7600000)]
  0x0000017b836bc000 JavaThread "Stdin handler" [_thread_blocked, id=5216, stack(0x00000023d7600000,0x00000023d7700000)]
  0x0000017b82e5a800 JavaThread "Daemon client event forwarder" [_thread_blocked, id=10596, stack(0x00000023d7700000,0x00000023d7800000)]
  0x0000017b83acb800 JavaThread "Cache worker for journal cache (C:\Users\ba_cr\.gradle\caches\journal-1)" [_thread_blocked, id=1696, stack(0x00000023d5a00000,0x00000023d5b00000)]
  0x0000017b83acc000 JavaThread "File lock request listener" [_thread_in_native, id=4776, stack(0x00000023d7800000,0x00000023d7900000)]
  0x0000017b83acd000 JavaThread "Cache worker for file hash cache (C:\Users\ba_cr\.gradle\caches\7.5\fileHashes)" [_thread_blocked, id=636, stack(0x00000023d7900000,0x00000023d7a00000)]
  0x0000017b83acf800 JavaThread "File watcher server" daemon [_thread_in_native, id=10252, stack(0x00000023d7a00000,0x00000023d7b00000)]
  0x0000017b83ad1000 JavaThread "File watcher consumer" daemon [_thread_blocked, id=7508, stack(0x00000023d7b00000,0x00000023d7c00000)]
  0x0000017b83ad2000 JavaThread "Cache worker for checksums cache (C:\Users\ba_cr\Desktop\Flutter\bus_ticket\android\.gradle\7.5\checksums)" [_thread_blocked, id=9920, stack(0x00000023d7c00000,0x00000023d7d00000)]
  0x0000017b83acd800 JavaThread "Cache worker for cache directory md-rule (C:\Users\ba_cr\.gradle\caches\7.5\md-rule)" [_thread_blocked, id=10752, stack(0x00000023d7d00000,0x00000023d7e00000)]
  0x0000017b83ace800 JavaThread "Cache worker for file content cache (C:\Users\ba_cr\.gradle\caches\7.5\fileContent)" [_thread_blocked, id=6500, stack(0x00000023d7e00000,0x00000023d7f00000)]
  0x0000017b83ad0000 JavaThread "Cache worker for file hash cache (C:\Users\ba_cr\Desktop\Flutter\bus_ticket\android\.gradle\7.5\fileHashes)" [_thread_blocked, id=5292, stack(0x00000023d7f00000,0x00000023d8000000)]
  0x0000017b85773800 JavaThread "Cache worker for cache directory md-supplier (C:\Users\ba_cr\.gradle\caches\7.5\md-supplier)" [_thread_blocked, id=8992, stack(0x00000023d8000000,0x00000023d8100000)]
  0x0000017b85774000 JavaThread "Cache worker for execution history cache (C:\Users\ba_cr\.gradle\caches\7.5\executionHistory)" [_thread_blocked, id=9432, stack(0x00000023d8100000,0x00000023d8200000)]
  0x0000017b85771800 JavaThread "jar transforms" [_thread_blocked, id=1988, stack(0x00000023d8400000,0x00000023d8500000)]
  0x0000017b85772800 JavaThread "jar transforms Thread 2" [_thread_blocked, id=7800, stack(0x00000023d8500000,0x00000023d8600000)]
  0x0000017b85776000 JavaThread "Cache worker for dependencies-accessors (C:\Users\ba_cr\Desktop\Flutter\bus_ticket\android\.gradle\7.5\dependencies-accessors)" [_thread_blocked, id=6908, stack(0x00000023d8600000,0x00000023d8700000)]
  0x0000017b85776800 JavaThread "Cache worker for Build Output Cleanup Cache (C:\Users\ba_cr\Desktop\Flutter\bus_ticket\android\.gradle\buildOutputCleanup)" [_thread_blocked, id=6240, stack(0x00000023d5900000,0x00000023d5a00000)]
  0x0000017b85771000 JavaThread "Unconstrained build operations" [_thread_blocked, id=7840, stack(0x00000023d5b00000,0x00000023d5c00000)]
  0x0000017b8577a000 JavaThread "Unconstrained build operations Thread 2" [_thread_blocked, id=1644, stack(0x00000023d8700000,0x00000023d8800000)]
  0x0000017b8577a800 JavaThread "Unconstrained build operations Thread 3" [_thread_blocked, id=10764, stack(0x00000023d8800000,0x00000023d8900000)]
  0x0000017b8577b800 JavaThread "Unconstrained build operations Thread 4" [_thread_blocked, id=10012, stack(0x00000023d8900000,0x00000023d8a00000)]
  0x0000017b85778000 JavaThread "Unconstrained build operations Thread 5" [_thread_blocked, id=10052, stack(0x00000023d8a00000,0x00000023d8b00000)]
  0x0000017b8577c800 JavaThread "Unconstrained build operations Thread 6" [_thread_blocked, id=3904, stack(0x00000023d8b00000,0x00000023d8c00000)]
  0x0000017b8577d000 JavaThread "Unconstrained build operations Thread 7" [_thread_blocked, id=10044, stack(0x00000023d8c00000,0x00000023d8d00000)]
  0x0000017b85777800 JavaThread "Unconstrained build operations Thread 8" [_thread_blocked, id=5484, stack(0x00000023d8d00000,0x00000023d8e00000)]
  0x0000017b8577e000 JavaThread "Unconstrained build operations Thread 9" [_thread_blocked, id=3272, stack(0x00000023d8e00000,0x00000023d8f00000)]
  0x0000017b8577e800 JavaThread "Unconstrained build operations Thread 10" [_thread_blocked, id=11236, stack(0x00000023d8f00000,0x00000023d9000000)]
  0x0000017b85779000 JavaThread "Unconstrained build operations Thread 11" [_thread_blocked, id=7784, stack(0x00000023d9000000,0x00000023d9100000)]
  0x0000017b8577f800 JavaThread "Unconstrained build operations Thread 12" [_thread_blocked, id=7780, stack(0x00000023d9100000,0x00000023d9200000)]
  0x0000017b85a74800 JavaThread "Unconstrained build operations Thread 13" [_thread_blocked, id=2388, stack(0x00000023d9200000,0x00000023d9300000)]
  0x0000017b85a78800 JavaThread "Unconstrained build operations Thread 14" [_thread_blocked, id=11204, stack(0x00000023d9300000,0x00000023d9400000)]
  0x0000017b85a74000 JavaThread "Unconstrained build operations Thread 15" [_thread_blocked, id=2920, stack(0x00000023d9400000,0x00000023d9500000)]
  0x0000017b85a7a800 JavaThread "Unconstrained build operations Thread 16" [_thread_blocked, id=3988, stack(0x00000023d9500000,0x00000023d9600000)]
  0x0000017b85a79800 JavaThread "Unconstrained build operations Thread 17" [_thread_blocked, id=11224, stack(0x00000023d9600000,0x00000023d9700000)]
  0x0000017b85a75800 JavaThread "Unconstrained build operations Thread 18" [_thread_blocked, id=10788, stack(0x00000023d9700000,0x00000023d9800000)]
  0x0000017b85a76000 JavaThread "Unconstrained build operations Thread 19" [_thread_blocked, id=9052, stack(0x00000023d9800000,0x00000023d9900000)]
  0x0000017b85a7d000 JavaThread "Unconstrained build operations Thread 20" [_thread_blocked, id=4352, stack(0x00000023d9900000,0x00000023d9a00000)]
  0x0000017b85a78000 JavaThread "Memory manager" [_thread_blocked, id=5604, stack(0x00000023d9a00000,0x00000023d9b00000)]
  0x0000017b85a77000 JavaThread "Cache worker for kotlin-dsl (C:\Users\ba_cr\.gradle\caches\7.5\kotlin-dsl)" [_thread_blocked, id=6528, stack(0x00000023d9b00000,0x00000023d9c00000)]
  0x0000017b85a7b000 JavaThread "included builds" [_thread_blocked, id=3372, stack(0x00000023d9c00000,0x00000023d9d00000)]
  0x0000017b85a81000 JavaThread "Execution worker" [_thread_blocked, id=9256, stack(0x00000023d9d00000,0x00000023d9e00000)]
  0x0000017b85a80000 JavaThread "Cache worker for execution history cache (C:\Users\ba_cr\Desktop\Flutter\bus_ticket\android\.gradle\7.5\executionHistory)" [_thread_blocked, id=10468, stack(0x00000023d9e00000,0x00000023d9f00000)]
  0x0000017b85a7f000 JavaThread "Exec process" [_thread_in_native, id=7740, stack(0x00000023d9f00000,0x00000023da000000)]
  0x0000017b85a7e800 JavaThread "Exec process Thread 2" [_thread_in_native, id=7120, stack(0x00000023da000000,0x00000023da100000)]
  0x0000017b85a81800 JavaThread "Exec process Thread 3" [_thread_in_native, id=4508, stack(0x00000023da100000,0x00000023da200000)]

Other Threads:
  0x0000017b82947800 VMThread "VM Thread" [stack: 0x00000023d6200000,0x00000023d6300000] [id=8168]
  0x0000017b82ca6800 WatcherThread [stack: 0x00000023d6c00000,0x00000023d6d00000] [id=7332]
  0x0000017be9c67800 GCTaskThread "GC Thread#0" [stack: 0x00000023d5d00000,0x00000023d5e00000] [id=10444]
  0x0000017b82d5f000 GCTaskThread "GC Thread#1" [stack: 0x00000023d6d00000,0x00000023d6e00000] [id=5752]
  0x0000017be9c8e000 ConcurrentGCThread "G1 Main Marker" [stack: 0x00000023d5e00000,0x00000023d5f00000] [id=6916]
  0x0000017be9c8f000 ConcurrentGCThread "G1 Conc#0" [stack: 0x00000023d5f00000,0x00000023d6000000] [id=10484]
  0x0000017be9ce0800 ConcurrentGCThread "G1 Refine#0" [stack: 0x00000023d6000000,0x00000023d6100000] [id=4860]
  0x0000017be9ce1800 ConcurrentGCThread "G1 Young RemSet Sampling" [stack: 0x00000023d6100000,0x00000023d6200000] [id=5932]

Threads with active compile tasks:
C2 CompilerThread0 314439 14948       4       org.gradle.internal.logging.text.AbstractLineChoppingStyledTextOutput$1::execute (140 bytes)

VM state:not at safepoint (normal execution)

VM Mutex/Monitor currently owned by a thread: None

Heap address: 0x00000000a0000000, size: 1536 MB, Compressed Oops mode: 32-bit
Narrow klass base: 0x0000000000000000, Narrow klass shift: 3
Compressed class space size: 1073741824 Address: 0x0000000100000000

Heap:
 garbage-first heap   total 199680K, used 164417K [0x00000000a0000000, 0x0000000100000000)
  region size 1024K, 51 young (52224K), 8 survivors (8192K)
 Metaspace       used 105734K, capacity 108855K, committed 109136K, reserved 1144832K
  class space    used 13639K, capacity 14752K, committed 14848K, reserved 1048576K
Heap Regions: E=young(eden), S=young(survivor), O=old, HS=humongous(starts), HC=humongous(continues), CS=collection set, F=free, A=archive, TAMS=top-at-mark-start (previous, next)
|   0|0x00000000a0000000, 0x00000000a0100000, 0x00000000a0100000|100%| O|  |TAMS 0x00000000a0100000, 0x00000000a0000000| Untracked 
|   1|0x00000000a0100000, 0x00000000a0200000, 0x00000000a0200000|100%| O|  |TAMS 0x00000000a0200000, 0x00000000a0100000| Untracked 
|   2|0x00000000a0200000, 0x00000000a0300000, 0x00000000a0300000|100%| O|  |TAMS 0x00000000a0300000, 0x00000000a0200000| Untracked 
|   3|0x00000000a0300000, 0x00000000a0400000, 0x00000000a0400000|100%| O|  |TAMS 0x00000000a0400000, 0x00000000a0300000| Untracked 
|   4|0x00000000a0400000, 0x00000000a0500000, 0x00000000a0500000|100%|HS|  |TAMS 0x00000000a0500000, 0x00000000a0400000| Complete 
|   5|0x00000000a0500000, 0x00000000a0600000, 0x00000000a0600000|100%|HC|  |TAMS 0x00000000a0600000, 0x00000000a0500000| Complete 
|   6|0x00000000a0600000, 0x00000000a0700000, 0x00000000a0700000|100%|HC|  |TAMS 0x00000000a0700000, 0x00000000a0600000| Complete 
|   7|0x00000000a0700000, 0x00000000a0800000, 0x00000000a0800000|100%| O|  |TAMS 0x00000000a0800000, 0x00000000a0700000| Untracked 
|   8|0x00000000a0800000, 0x00000000a0900000, 0x00000000a0900000|100%| O|  |TAMS 0x00000000a0900000, 0x00000000a0800000| Untracked 
|   9|0x00000000a0900000, 0x00000000a0a00000, 0x00000000a0a00000|100%| O|  |TAMS 0x00000000a0a00000, 0x00000000a0900000| Untracked 
|  10|0x00000000a0a00000, 0x00000000a0b00000, 0x00000000a0b00000|100%| O|  |TAMS 0x00000000a0b00000, 0x00000000a0a00000| Untracked 
|  11|0x00000000a0b00000, 0x00000000a0c00000, 0x00000000a0c00000|100%| O|  |TAMS 0x00000000a0c00000, 0x00000000a0b00000| Untracked 
|  12|0x00000000a0c00000, 0x00000000a0d00000, 0x00000000a0d00000|100%| O|  |TAMS 0x00000000a0d00000, 0x00000000a0c00000| Untracked 
|  13|0x00000000a0d00000, 0x00000000a0e00000, 0x00000000a0e00000|100%| O|  |TAMS 0x00000000a0e00000, 0x00000000a0d00000| Untracked 
|  14|0x00000000a0e00000, 0x00000000a0f00000, 0x00000000a0f00000|100%| O|  |TAMS 0x00000000a0f00000, 0x00000000a0e00000| Untracked 
|  15|0x00000000a0f00000, 0x00000000a1000000, 0x00000000a1000000|100%| O|  |TAMS 0x00000000a1000000, 0x00000000a0f00000| Untracked 
|  16|0x00000000a1000000, 0x00000000a1100000, 0x00000000a1100000|100%| O|  |TAMS 0x00000000a1100000, 0x00000000a1000000| Untracked 
|  17|0x00000000a1100000, 0x00000000a1200000, 0x00000000a1200000|100%| O|  |TAMS 0x00000000a1200000, 0x00000000a1100000| Untracked 
|  18|0x00000000a1200000, 0x00000000a1300000, 0x00000000a1300000|100%| O|  |TAMS 0x00000000a1300000, 0x00000000a1200000| Untracked 
|  19|0x00000000a1300000, 0x00000000a1400000, 0x00000000a1400000|100%| O|  |TAMS 0x00000000a1400000, 0x00000000a1300000| Untracked 
|  20|0x00000000a1400000, 0x00000000a1500000, 0x00000000a1500000|100%| O|  |TAMS 0x00000000a1500000, 0x00000000a1400000| Untracked 
|  21|0x00000000a1500000, 0x00000000a1600000, 0x00000000a1600000|100%| O|  |TAMS 0x00000000a1600000, 0x00000000a1500000| Untracked 
|  22|0x00000000a1600000, 0x00000000a1700000, 0x00000000a1700000|100%| O|  |TAMS 0x00000000a1700000, 0x00000000a1600000| Untracked 
|  23|0x00000000a1700000, 0x00000000a1800000, 0x00000000a1800000|100%| O|  |TAMS 0x00000000a1800000, 0x00000000a1700000| Untracked 
|  24|0x00000000a1800000, 0x00000000a1900000, 0x00000000a1900000|100%| O|  |TAMS 0x00000000a1900000, 0x00000000a1800000| Untracked 
|  25|0x00000000a1900000, 0x00000000a1a00000, 0x00000000a1a00000|100%| O|  |TAMS 0x00000000a1a00000, 0x00000000a1900000| Untracked 
|  26|0x00000000a1a00000, 0x00000000a1b00000, 0x00000000a1b00000|100%| O|  |TAMS 0x00000000a1b00000, 0x00000000a1a00000| Untracked 
|  27|0x00000000a1b00000, 0x00000000a1c00000, 0x00000000a1c00000|100%| O|  |TAMS 0x00000000a1c00000, 0x00000000a1b00000| Untracked 
|  28|0x00000000a1c00000, 0x00000000a1d00000, 0x00000000a1d00000|100%| O|  |TAMS 0x00000000a1d00000, 0x00000000a1c00000| Untracked 
|  29|0x00000000a1d00000, 0x00000000a1e00000, 0x00000000a1e00000|100%| O|  |TAMS 0x00000000a1e00000, 0x00000000a1d00000| Untracked 
|  30|0x00000000a1e00000, 0x00000000a1f00000, 0x00000000a1f00000|100%| O|  |TAMS 0x00000000a1f00000, 0x00000000a1e00000| Untracked 
|  31|0x00000000a1f00000, 0x00000000a2000000, 0x00000000a2000000|100%| O|  |TAMS 0x00000000a2000000, 0x00000000a1f00000| Untracked 
|  32|0x00000000a2000000, 0x00000000a2100000, 0x00000000a2100000|100%| O|  |TAMS 0x00000000a2100000, 0x00000000a2000000| Untracked 
|  33|0x00000000a2100000, 0x00000000a2200000, 0x00000000a2200000|100%|HS|  |TAMS 0x00000000a2200000, 0x00000000a2100000| Complete 
|  34|0x00000000a2200000, 0x00000000a2300000, 0x00000000a2300000|100%|HS|  |TAMS 0x00000000a2300000, 0x00000000a2200000| Complete 
|  35|0x00000000a2300000, 0x00000000a2400000, 0x00000000a2400000|100%| O|  |TAMS 0x00000000a2400000, 0x00000000a2300000| Untracked 
|  36|0x00000000a2400000, 0x00000000a2500000, 0x00000000a2500000|100%|HS|  |TAMS 0x00000000a2500000, 0x00000000a2400000| Complete 
|  37|0x00000000a2500000, 0x00000000a2600000, 0x00000000a2600000|100%| O|  |TAMS 0x00000000a2600000, 0x00000000a2500000| Untracked 
|  38|0x00000000a2600000, 0x00000000a2700000, 0x00000000a2700000|100%| O|  |TAMS 0x00000000a2700000, 0x00000000a2600000| Untracked 
|  39|0x00000000a2700000, 0x00000000a2800000, 0x00000000a2800000|100%|HS|  |TAMS 0x00000000a2800000, 0x00000000a2700000| Complete 
|  40|0x00000000a2800000, 0x00000000a2900000, 0x00000000a2900000|100%|HC|  |TAMS 0x00000000a2900000, 0x00000000a2800000| Complete 
|  41|0x00000000a2900000, 0x00000000a2a00000, 0x00000000a2a00000|100%|HC|  |TAMS 0x00000000a2a00000, 0x00000000a2900000| Complete 
|  42|0x00000000a2a00000, 0x00000000a2b00000, 0x00000000a2b00000|100%| O|  |TAMS 0x00000000a2b00000, 0x00000000a2a00000| Untracked 
|  43|0x00000000a2b00000, 0x00000000a2c00000, 0x00000000a2c00000|100%| O|  |TAMS 0x00000000a2c00000, 0x00000000a2b00000| Untracked 
|  44|0x00000000a2c00000, 0x00000000a2d00000, 0x00000000a2d00000|100%|HS|  |TAMS 0x00000000a2d00000, 0x00000000a2c00000| Complete 
|  45|0x00000000a2d00000, 0x00000000a2e00000, 0x00000000a2e00000|100%|HC|  |TAMS 0x00000000a2e00000, 0x00000000a2d00000| Complete 
|  46|0x00000000a2e00000, 0x00000000a2f00000, 0x00000000a2f00000|100%| O|  |TAMS 0x00000000a2f00000, 0x00000000a2e00000| Untracked 
|  47|0x00000000a2f00000, 0x00000000a3000000, 0x00000000a3000000|100%| O|  |TAMS 0x00000000a3000000, 0x00000000a2f00000| Untracked 
|  48|0x00000000a3000000, 0x00000000a3100000, 0x00000000a3100000|100%| O|  |TAMS 0x00000000a3100000, 0x00000000a3000000| Untracked 
|  49|0x00000000a3100000, 0x00000000a3200000, 0x00000000a3200000|100%| O|  |TAMS 0x00000000a3200000, 0x00000000a3100000| Untracked 
|  50|0x00000000a3200000, 0x00000000a3300000, 0x00000000a3300000|100%| O|  |TAMS 0x00000000a3300000, 0x00000000a3200000| Untracked 
|  51|0x00000000a3300000, 0x00000000a3400000, 0x00000000a3400000|100%| O|  |TAMS 0x00000000a3400000, 0x00000000a3300000| Untracked 
|  52|0x00000000a3400000, 0x00000000a3500000, 0x00000000a3500000|100%| O|  |TAMS 0x00000000a3500000, 0x00000000a3400000| Untracked 
|  53|0x00000000a3500000, 0x00000000a3600000, 0x00000000a3600000|100%| O|  |TAMS 0x00000000a3600000, 0x00000000a3500000| Untracked 
|  54|0x00000000a3600000, 0x00000000a3700000, 0x00000000a3700000|100%| O|  |TAMS 0x00000000a3700000, 0x00000000a3600000| Untracked 
|  55|0x00000000a3700000, 0x00000000a3800000, 0x00000000a3800000|100%| O|  |TAMS 0x00000000a3800000, 0x00000000a3700000| Untracked 
|  56|0x00000000a3800000, 0x00000000a3900000, 0x00000000a3900000|100%| O|  |TAMS 0x00000000a3900000, 0x00000000a3800000| Untracked 
|  57|0x00000000a3900000, 0x00000000a3a00000, 0x00000000a3a00000|100%|HS|  |TAMS 0x00000000a3a00000, 0x00000000a3900000| Complete 
|  58|0x00000000a3a00000, 0x00000000a3b00000, 0x00000000a3b00000|100%| O|  |TAMS 0x00000000a3b00000, 0x00000000a3a00000| Untracked 
|  59|0x00000000a3b00000, 0x00000000a3c00000, 0x00000000a3c00000|100%|HS|  |TAMS 0x00000000a3c00000, 0x00000000a3b00000| Complete 
|  60|0x00000000a3c00000, 0x00000000a3d00000, 0x00000000a3d00000|100%| O|  |TAMS 0x00000000a3d00000, 0x00000000a3c00000| Untracked 
|  61|0x00000000a3d00000, 0x00000000a3e00000, 0x00000000a3e00000|100%| O|  |TAMS 0x00000000a3e00000, 0x00000000a3d00000| Untracked 
|  62|0x00000000a3e00000, 0x00000000a3f00000, 0x00000000a3f00000|100%| O|  |TAMS 0x00000000a3f00000, 0x00000000a3e00000| Untracked 
|  63|0x00000000a3f00000, 0x00000000a4000000, 0x00000000a4000000|100%| O|  |TAMS 0x00000000a4000000, 0x00000000a3f00000| Untracked 
|  64|0x00000000a4000000, 0x00000000a4100000, 0x00000000a4100000|100%| O|  |TAMS 0x00000000a4100000, 0x00000000a4000000| Untracked 
|  65|0x00000000a4100000, 0x00000000a4200000, 0x00000000a4200000|100%| O|  |TAMS 0x00000000a4200000, 0x00000000a4100000| Untracked 
|  66|0x00000000a4200000, 0x00000000a4300000, 0x00000000a4300000|100%| O|  |TAMS 0x00000000a4300000, 0x00000000a4200000| Untracked 
|  67|0x00000000a4300000, 0x00000000a4400000, 0x00000000a4400000|100%| O|  |TAMS 0x00000000a4400000, 0x00000000a4300000| Untracked 
|  68|0x00000000a4400000, 0x00000000a4500000, 0x00000000a4500000|100%| O|  |TAMS 0x00000000a4500000, 0x00000000a4400000| Untracked 
|  69|0x00000000a4500000, 0x00000000a4600000, 0x00000000a4600000|100%| O|  |TAMS 0x00000000a4600000, 0x00000000a4500000| Untracked 
|  70|0x00000000a4600000, 0x00000000a4700000, 0x00000000a4700000|100%| O|  |TAMS 0x00000000a4700000, 0x00000000a4600000| Untracked 
|  71|0x00000000a4700000, 0x00000000a4800000, 0x00000000a4800000|100%| O|  |TAMS 0x00000000a4800000, 0x00000000a4700000| Untracked 
|  72|0x00000000a4800000, 0x00000000a4900000, 0x00000000a4900000|100%| O|  |TAMS 0x00000000a4900000, 0x00000000a4800000| Untracked 
|  73|0x00000000a4900000, 0x00000000a4a00000, 0x00000000a4a00000|100%| O|  |TAMS 0x00000000a4a00000, 0x00000000a4900000| Untracked 
|  74|0x00000000a4a00000, 0x00000000a4b00000, 0x00000000a4b00000|100%| O|  |TAMS 0x00000000a4b00000, 0x00000000a4a00000| Untracked 
|  75|0x00000000a4b00000, 0x00000000a4c00000, 0x00000000a4c00000|100%| O|  |TAMS 0x00000000a4c00000, 0x00000000a4b00000| Untracked 
|  76|0x00000000a4c00000, 0x00000000a4d00000, 0x00000000a4d00000|100%| O|  |TAMS 0x00000000a4d00000, 0x00000000a4c00000| Untracked 
|  77|0x00000000a4d00000, 0x00000000a4e00000, 0x00000000a4e00000|100%| O|  |TAMS 0x00000000a4e00000, 0x00000000a4d00000| Untracked 
|  78|0x00000000a4e00000, 0x00000000a4f00000, 0x00000000a4f00000|100%| O|  |TAMS 0x00000000a4f00000, 0x00000000a4e00000| Untracked 
|  79|0x00000000a4f00000, 0x00000000a5000000, 0x00000000a5000000|100%| O|  |TAMS 0x00000000a5000000, 0x00000000a4f00000| Untracked 
|  80|0x00000000a5000000, 0x00000000a5100000, 0x00000000a5100000|100%|HS|  |TAMS 0x00000000a5100000, 0x00000000a5000000| Complete 
|  81|0x00000000a5100000, 0x00000000a5200000, 0x00000000a5200000|100%| O|  |TAMS 0x00000000a5200000, 0x00000000a5100000| Untracked 
|  82|0x00000000a5200000, 0x00000000a5300000, 0x00000000a5300000|100%| O|  |TAMS 0x00000000a5300000, 0x00000000a5200000| Untracked 
|  83|0x00000000a5300000, 0x00000000a5400000, 0x00000000a5400000|100%| O|  |TAMS 0x00000000a5400000, 0x00000000a5300000| Untracked 
|  84|0x00000000a5400000, 0x00000000a5500000, 0x00000000a5500000|100%| O|  |TAMS 0x00000000a5500000, 0x00000000a5400000| Untracked 
|  85|0x00000000a5500000, 0x00000000a5600000, 0x00000000a5600000|100%| O|  |TAMS 0x00000000a5600000, 0x00000000a5500000| Untracked 
|  86|0x00000000a5600000, 0x00000000a5700000, 0x00000000a5700000|100%| O|  |TAMS 0x00000000a5700000, 0x00000000a5600000| Untracked 
|  87|0x00000000a5700000, 0x00000000a5800000, 0x00000000a5800000|100%| O|  |TAMS 0x00000000a5800000, 0x00000000a5700000| Untracked 
|  88|0x00000000a5800000, 0x00000000a5900000, 0x00000000a5900000|100%| O|  |TAMS 0x00000000a5900000, 0x00000000a5800000| Untracked 
|  89|0x00000000a5900000, 0x00000000a5a00000, 0x00000000a5a00000|100%| O|  |TAMS 0x00000000a5a00000, 0x00000000a5900000| Untracked 
|  90|0x00000000a5a00000, 0x00000000a5b00000, 0x00000000a5b00000|100%| O|  |TAMS 0x00000000a5b00000, 0x00000000a5a00000| Untracked 
|  91|0x00000000a5b00000, 0x00000000a5c00000, 0x00000000a5c00000|100%| O|  |TAMS 0x00000000a5c00000, 0x00000000a5b00000| Untracked 
|  92|0x00000000a5c00000, 0x00000000a5d00000, 0x00000000a5d00000|100%| O|  |TAMS 0x00000000a5d00000, 0x00000000a5c00000| Untracked 
|  93|0x00000000a5d00000, 0x00000000a5e00000, 0x00000000a5e00000|100%| O|  |TAMS 0x00000000a5e00000, 0x00000000a5d00000| Untracked 
|  94|0x00000000a5e00000, 0x00000000a5f00000, 0x00000000a5f00000|100%| O|  |TAMS 0x00000000a5f00000, 0x00000000a5e00000| Untracked 
|  95|0x00000000a5f00000, 0x00000000a6000000, 0x00000000a6000000|100%| O|  |TAMS 0x00000000a6000000, 0x00000000a5f00000| Untracked 
|  96|0x00000000a6000000, 0x00000000a6100000, 0x00000000a6100000|100%| O|  |TAMS 0x00000000a6100000, 0x00000000a6000000| Untracked 
|  97|0x00000000a6100000, 0x00000000a6200000, 0x00000000a6200000|100%| O|  |TAMS 0x00000000a6200000, 0x00000000a6100000| Untracked 
|  98|0x00000000a6200000, 0x00000000a6300000, 0x00000000a6300000|100%| O|  |TAMS 0x00000000a6300000, 0x00000000a6200000| Untracked 
|  99|0x00000000a6300000, 0x00000000a6400000, 0x00000000a6400000|100%|HS|  |TAMS 0x00000000a6400000, 0x00000000a6300000| Complete 
| 100|0x00000000a6400000, 0x00000000a6500000, 0x00000000a6500000|100%| O|  |TAMS 0x00000000a6500000, 0x00000000a6400000| Untracked 
| 101|0x00000000a6500000, 0x00000000a6600000, 0x00000000a6600000|100%| O|  |TAMS 0x00000000a6600000, 0x00000000a6500000| Untracked 
| 102|0x00000000a6600000, 0x00000000a6700000, 0x00000000a6700000|100%|HS|  |TAMS 0x00000000a6700000, 0x00000000a6600000| Complete 
| 103|0x00000000a6700000, 0x00000000a6800000, 0x00000000a6800000|100%|HC|  |TAMS 0x00000000a6800000, 0x00000000a6700000| Complete 
| 104|0x00000000a6800000, 0x00000000a6900000, 0x00000000a6900000|100%| O|  |TAMS 0x00000000a6900000, 0x00000000a6800000| Untracked 
| 105|0x00000000a6900000, 0x00000000a6a00000, 0x00000000a6a00000|100%| O|  |TAMS 0x00000000a6a00000, 0x00000000a6900000| Untracked 
| 106|0x00000000a6a00000, 0x00000000a6b00000, 0x00000000a6b00000|100%| O|  |TAMS 0x00000000a6b00000, 0x00000000a6a00000| Untracked 
| 107|0x00000000a6b00000, 0x00000000a6c00000, 0x00000000a6c00000|100%| O|  |TAMS 0x00000000a6c00000, 0x00000000a6b00000| Untracked 
| 108|0x00000000a6c00000, 0x00000000a6d00000, 0x00000000a6d00000|100%| O|  |TAMS 0x00000000a6d00000, 0x00000000a6c00000| Untracked 
| 109|0x00000000a6d00000, 0x00000000a6e00000, 0x00000000a6e00000|100%| O|  |TAMS 0x00000000a6dbfe00, 0x00000000a6d00000| Untracked 
| 110|0x00000000a6e00000, 0x00000000a6f00000, 0x00000000a6f00000|100%| O|  |TAMS 0x00000000a6e00000, 0x00000000a6e00000| Untracked 
| 111|0x00000000a6f00000, 0x00000000a6f90600, 0x00000000a7000000| 56%| O|  |TAMS 0x00000000a6f00000, 0x00000000a6f00000| Untracked 
| 112|0x00000000a7000000, 0x00000000a7000000, 0x00000000a7100000|  0%| F|  |TAMS 0x00000000a7000000, 0x00000000a7000000| Untracked 
| 113|0x00000000a7100000, 0x00000000a7100000, 0x00000000a7200000|  0%| F|  |TAMS 0x00000000a7100000, 0x00000000a7100000| Untracked 
| 114|0x00000000a7200000, 0x00000000a7200000, 0x00000000a7300000|  0%| F|  |TAMS 0x00000000a7200000, 0x00000000a7200000| Untracked 
| 115|0x00000000a7300000, 0x00000000a7300000, 0x00000000a7400000|  0%| F|  |TAMS 0x00000000a7300000, 0x00000000a7300000| Untracked 
| 116|0x00000000a7400000, 0x00000000a7400000, 0x00000000a7500000|  0%| F|  |TAMS 0x00000000a7400000, 0x00000000a7400000| Untracked 
| 117|0x00000000a7500000, 0x00000000a7500000, 0x00000000a7600000|  0%| F|  |TAMS 0x00000000a7500000, 0x00000000a7500000| Untracked 
| 118|0x00000000a7600000, 0x00000000a7600000, 0x00000000a7700000|  0%| F|  |TAMS 0x00000000a7600000, 0x00000000a7600000| Untracked 
| 119|0x00000000a7700000, 0x00000000a7700000, 0x00000000a7800000|  0%| F|  |TAMS 0x00000000a7700000, 0x00000000a7700000| Untracked 
| 120|0x00000000a7800000, 0x00000000a7800000, 0x00000000a7900000|  0%| F|  |TAMS 0x00000000a7800000, 0x00000000a7800000| Untracked 
| 121|0x00000000a7900000, 0x00000000a7900000, 0x00000000a7a00000|  0%| F|  |TAMS 0x00000000a7900000, 0x00000000a7900000| Untracked 
| 122|0x00000000a7a00000, 0x00000000a7a00000, 0x00000000a7b00000|  0%| F|  |TAMS 0x00000000a7a00000, 0x00000000a7a00000| Untracked 
| 123|0x00000000a7b00000, 0x00000000a7b00000, 0x00000000a7c00000|  0%| F|  |TAMS 0x00000000a7b00000, 0x00000000a7b00000| Untracked 
| 124|0x00000000a7c00000, 0x00000000a7c00000, 0x00000000a7d00000|  0%| F|  |TAMS 0x00000000a7c00000, 0x00000000a7c00000| Untracked 
| 125|0x00000000a7d00000, 0x00000000a7d00000, 0x00000000a7e00000|  0%| F|  |TAMS 0x00000000a7d00000, 0x00000000a7d00000| Untracked 
| 126|0x00000000a7e00000, 0x00000000a7e00000, 0x00000000a7f00000|  0%| F|  |TAMS 0x00000000a7e00000, 0x00000000a7e00000| Untracked 
| 127|0x00000000a7f00000, 0x00000000a7f00000, 0x00000000a8000000|  0%| F|  |TAMS 0x00000000a7f00000, 0x00000000a7f00000| Untracked 
| 128|0x00000000a8000000, 0x00000000a8000000, 0x00000000a8100000|  0%| F|  |TAMS 0x00000000a8000000, 0x00000000a8000000| Untracked 
| 129|0x00000000a8100000, 0x00000000a8100000, 0x00000000a8200000|  0%| F|  |TAMS 0x00000000a8100000, 0x00000000a8100000| Untracked 
| 130|0x00000000a8200000, 0x00000000a8300000, 0x00000000a8300000|100%| S|CS|TAMS 0x00000000a8200000, 0x00000000a8200000| Complete 
| 131|0x00000000a8300000, 0x00000000a8400000, 0x00000000a8400000|100%| S|CS|TAMS 0x00000000a8300000, 0x00000000a8300000| Complete 
| 132|0x00000000a8400000, 0x00000000a8500000, 0x00000000a8500000|100%| S|CS|TAMS 0x00000000a8400000, 0x00000000a8400000| Complete 
| 133|0x00000000a8500000, 0x00000000a8600000, 0x00000000a8600000|100%| S|CS|TAMS 0x00000000a8500000, 0x00000000a8500000| Complete 
| 134|0x00000000a8600000, 0x00000000a8700000, 0x00000000a8700000|100%| S|CS|TAMS 0x00000000a8600000, 0x00000000a8600000| Complete 
| 135|0x00000000a8700000, 0x00000000a8700000, 0x00000000a8800000|  0%| F|  |TAMS 0x00000000a8700000, 0x00000000a8700000| Untracked 
| 136|0x00000000a8800000, 0x00000000a8800000, 0x00000000a8900000|  0%| F|  |TAMS 0x00000000a8800000, 0x00000000a8800000| Untracked 
| 137|0x00000000a8900000, 0x00000000a8900000, 0x00000000a8a00000|  0%| F|  |TAMS 0x00000000a8900000, 0x00000000a8900000| Untracked 
| 138|0x00000000a8a00000, 0x00000000a8a00000, 0x00000000a8b00000|  0%| F|  |TAMS 0x00000000a8a00000, 0x00000000a8a00000| Untracked 
| 139|0x00000000a8b00000, 0x00000000a8c00000, 0x00000000a8c00000|100%| S|CS|TAMS 0x00000000a8b00000, 0x00000000a8b00000| Complete 
| 140|0x00000000a8c00000, 0x00000000a8d00000, 0x00000000a8d00000|100%| S|CS|TAMS 0x00000000a8c00000, 0x00000000a8c00000| Complete 
| 141|0x00000000a8d00000, 0x00000000a8e00000, 0x00000000a8e00000|100%| S|CS|TAMS 0x00000000a8d00000, 0x00000000a8d00000| Complete 
| 142|0x00000000a8e00000, 0x00000000a8e00000, 0x00000000a8f00000|  0%| F|  |TAMS 0x00000000a8e00000, 0x00000000a8e00000| Untracked 
| 143|0x00000000a8f00000, 0x00000000a8f00000, 0x00000000a9000000|  0%| F|  |TAMS 0x00000000a8f00000, 0x00000000a8f00000| Untracked 
| 144|0x00000000a9000000, 0x00000000a9000000, 0x00000000a9100000|  0%| F|  |TAMS 0x00000000a9000000, 0x00000000a9000000| Untracked 
| 145|0x00000000a9100000, 0x00000000a9100000, 0x00000000a9200000|  0%| F|  |TAMS 0x00000000a9100000, 0x00000000a9100000| Untracked 
| 146|0x00000000a9200000, 0x00000000a9200000, 0x00000000a9300000|  0%| F|  |TAMS 0x00000000a9200000, 0x00000000a9200000| Untracked 
| 147|0x00000000a9300000, 0x00000000a9300000, 0x00000000a9400000|  0%| F|  |TAMS 0x00000000a9300000, 0x00000000a9300000| Untracked 
| 148|0x00000000a9400000, 0x00000000a9400000, 0x00000000a9500000|  0%| F|  |TAMS 0x00000000a9400000, 0x00000000a9400000| Untracked 
| 149|0x00000000a9500000, 0x00000000a9500000, 0x00000000a9600000|  0%| F|  |TAMS 0x00000000a9500000, 0x00000000a9500000| Untracked 
| 150|0x00000000a9600000, 0x00000000a9600000, 0x00000000a9700000|  0%| F|  |TAMS 0x00000000a9600000, 0x00000000a9600000| Untracked 
| 151|0x00000000a9700000, 0x00000000a9700000, 0x00000000a9800000|  0%| F|  |TAMS 0x00000000a9700000, 0x00000000a9700000| Untracked 
| 152|0x00000000a9800000, 0x00000000a98b2610, 0x00000000a9900000| 69%| E|  |TAMS 0x00000000a9800000, 0x00000000a9800000| Complete 
| 153|0x00000000a9900000, 0x00000000a9a00000, 0x00000000a9a00000|100%| E|CS|TAMS 0x00000000a9900000, 0x00000000a9900000| Complete 
| 154|0x00000000a9a00000, 0x00000000a9b00000, 0x00000000a9b00000|100%| E|CS|TAMS 0x00000000a9a00000, 0x00000000a9a00000| Complete 
| 155|0x00000000a9b00000, 0x00000000a9c00000, 0x00000000a9c00000|100%| E|CS|TAMS 0x00000000a9b00000, 0x00000000a9b00000| Complete 
| 156|0x00000000a9c00000, 0x00000000a9d00000, 0x00000000a9d00000|100%| E|CS|TAMS 0x00000000a9c00000, 0x00000000a9c00000| Complete 
| 157|0x00000000a9d00000, 0x00000000a9e00000, 0x00000000a9e00000|100%| E|CS|TAMS 0x00000000a9d00000, 0x00000000a9d00000| Complete 
| 158|0x00000000a9e00000, 0x00000000a9f00000, 0x00000000a9f00000|100%| E|CS|TAMS 0x00000000a9e00000, 0x00000000a9e00000| Complete 
| 159|0x00000000a9f00000, 0x00000000aa000000, 0x00000000aa000000|100%| E|CS|TAMS 0x00000000a9f00000, 0x00000000a9f00000| Complete 
| 160|0x00000000aa000000, 0x00000000aa100000, 0x00000000aa100000|100%| E|CS|TAMS 0x00000000aa000000, 0x00000000aa000000| Complete 
| 161|0x00000000aa100000, 0x00000000aa200000, 0x00000000aa200000|100%| E|CS|TAMS 0x00000000aa100000, 0x00000000aa100000| Complete 
| 162|0x00000000aa200000, 0x00000000aa300000, 0x00000000aa300000|100%| E|CS|TAMS 0x00000000aa200000, 0x00000000aa200000| Complete 
| 163|0x00000000aa300000, 0x00000000aa400000, 0x00000000aa400000|100%| E|CS|TAMS 0x00000000aa300000, 0x00000000aa300000| Complete 
| 164|0x00000000aa400000, 0x00000000aa500000, 0x00000000aa500000|100%| E|CS|TAMS 0x00000000aa400000, 0x00000000aa400000| Complete 
| 165|0x00000000aa500000, 0x00000000aa600000, 0x00000000aa600000|100%| E|CS|TAMS 0x00000000aa500000, 0x00000000aa500000| Complete 
| 166|0x00000000aa600000, 0x00000000aa700000, 0x00000000aa700000|100%| E|CS|TAMS 0x00000000aa600000, 0x00000000aa600000| Complete 
| 167|0x00000000aa700000, 0x00000000aa800000, 0x00000000aa800000|100%| E|CS|TAMS 0x00000000aa700000, 0x00000000aa700000| Complete 
| 168|0x00000000aa800000, 0x00000000aa900000, 0x00000000aa900000|100%| E|CS|TAMS 0x00000000aa800000, 0x00000000aa800000| Complete 
| 169|0x00000000aa900000, 0x00000000aaa00000, 0x00000000aaa00000|100%| E|CS|TAMS 0x00000000aa900000, 0x00000000aa900000| Complete 
| 170|0x00000000aaa00000, 0x00000000aab00000, 0x00000000aab00000|100%| E|CS|TAMS 0x00000000aaa00000, 0x00000000aaa00000| Complete 
| 171|0x00000000aab00000, 0x00000000aac00000, 0x00000000aac00000|100%| E|CS|TAMS 0x00000000aab00000, 0x00000000aab00000| Complete 
| 172|0x00000000aac00000, 0x00000000aad00000, 0x00000000aad00000|100%| E|CS|TAMS 0x00000000aac00000, 0x00000000aac00000| Complete 
| 173|0x00000000aad00000, 0x00000000aae00000, 0x00000000aae00000|100%| E|CS|TAMS 0x00000000aad00000, 0x00000000aad00000| Complete 
| 174|0x00000000aae00000, 0x00000000aaf00000, 0x00000000aaf00000|100%| E|CS|TAMS 0x00000000aae00000, 0x00000000aae00000| Complete 
| 175|0x00000000aaf00000, 0x00000000ab000000, 0x00000000ab000000|100%| E|CS|TAMS 0x00000000aaf00000, 0x00000000aaf00000| Complete 
| 176|0x00000000ab000000, 0x00000000ab100000, 0x00000000ab100000|100%| E|CS|TAMS 0x00000000ab000000, 0x00000000ab000000| Complete 
| 177|0x00000000ab100000, 0x00000000ab200000, 0x00000000ab200000|100%| E|CS|TAMS 0x00000000ab100000, 0x00000000ab100000| Complete 
| 178|0x00000000ab200000, 0x00000000ab300000, 0x00000000ab300000|100%| E|CS|TAMS 0x00000000ab200000, 0x00000000ab200000| Complete 
| 179|0x00000000ab300000, 0x00000000ab400000, 0x00000000ab400000|100%| E|CS|TAMS 0x00000000ab300000, 0x00000000ab300000| Complete 
| 180|0x00000000ab400000, 0x00000000ab500000, 0x00000000ab500000|100%| E|  |TAMS 0x00000000ab400000, 0x00000000ab400000| Complete 
| 181|0x00000000ab500000, 0x00000000ab600000, 0x00000000ab600000|100%| E|CS|TAMS 0x00000000ab500000, 0x00000000ab500000| Complete 
| 182|0x00000000ab600000, 0x00000000ab700000, 0x00000000ab700000|100%| E|CS|TAMS 0x00000000ab600000, 0x00000000ab600000| Complete 
| 183|0x00000000ab700000, 0x00000000ab800000, 0x00000000ab800000|100%| E|CS|TAMS 0x00000000ab700000, 0x00000000ab700000| Complete 
| 184|0x00000000ab800000, 0x00000000ab900000, 0x00000000ab900000|100%| E|CS|TAMS 0x00000000ab800000, 0x00000000ab800000| Complete 
| 185|0x00000000ab900000, 0x00000000aba00000, 0x00000000aba00000|100%| E|CS|TAMS 0x00000000ab900000, 0x00000000ab900000| Complete 
| 186|0x00000000aba00000, 0x00000000abb00000, 0x00000000abb00000|100%| E|CS|TAMS 0x00000000aba00000, 0x00000000aba00000| Complete 
| 187|0x00000000abb00000, 0x00000000abc00000, 0x00000000abc00000|100%| E|CS|TAMS 0x00000000abb00000, 0x00000000abb00000| Complete 
| 188|0x00000000abc00000, 0x00000000abd00000, 0x00000000abd00000|100%| E|CS|TAMS 0x00000000abc00000, 0x00000000abc00000| Complete 
| 189|0x00000000abd00000, 0x00000000abe00000, 0x00000000abe00000|100%| E|CS|TAMS 0x00000000abd00000, 0x00000000abd00000| Complete 
| 190|0x00000000abe00000, 0x00000000abf00000, 0x00000000abf00000|100%| E|CS|TAMS 0x00000000abe00000, 0x00000000abe00000| Complete 
| 191|0x00000000abf00000, 0x00000000ac000000, 0x00000000ac000000|100%| E|CS|TAMS 0x00000000abf00000, 0x00000000abf00000| Complete 
| 192|0x00000000ac000000, 0x00000000ac100000, 0x00000000ac100000|100%| E|CS|TAMS 0x00000000ac000000, 0x00000000ac000000| Complete 
| 193|0x00000000ac100000, 0x00000000ac200000, 0x00000000ac200000|100%| E|CS|TAMS 0x00000000ac100000, 0x00000000ac100000| Complete 
| 194|0x00000000ac200000, 0x00000000ac300000, 0x00000000ac300000|100%| E|CS|TAMS 0x00000000ac200000, 0x00000000ac200000| Complete 

Card table byte_map: [0x0000017bfc770000,0x0000017bfca70000] _byte_map_base: 0x0000017bfc270000

Marking Bits (Prev, Next): (CMBitMap*) 0x0000017be9c87488, (CMBitMap*) 0x0000017be9c874c0
 Prev Bits: [0x0000017bfcd70000, 0x0000017bfe570000)
 Next Bits: [0x0000017bfe570000, 0x0000017bffd70000)

Polling page: 0x0000017be9430000

Metaspace:

Usage:
  Non-class:     91.90 MB capacity,    89.94 MB ( 98%) used,     1.66 MB (  2%) free+waste,   308.56 KB ( <1%) overhead. 
      Class:     14.41 MB capacity,    13.32 MB ( 92%) used,   972.53 KB (  7%) free+waste,   140.25 KB ( <1%) overhead. 
       Both:    106.30 MB capacity,   103.26 MB ( 97%) used,     2.61 MB (  2%) free+waste,   448.81 KB ( <1%) overhead. 

Virtual space:
  Non-class space:       94.00 MB reserved,      92.08 MB ( 98%) committed 
      Class space:        1.00 GB reserved,      14.50 MB (  1%) committed 
             Both:        1.09 GB reserved,     106.58 MB ( 10%) committed 

Chunk freelists:
   Non-Class:  57.00 KB
       Class:  0 bytes
        Both:  57.00 KB

MaxMetaspaceSize: 17179869184.00 GB
CompressedClassSpaceSize: 1.00 GB
Initial GC threshold: 20.80 MB
Current GC threshold: 170.76 MB
CDS: off

CodeHeap 'non-profiled nmethods': size=120064Kb used=10868Kb max_used=10868Kb free=109195Kb
 bounds [0x0000017bf5230000, 0x0000017bf5cd0000, 0x0000017bfc770000]
CodeHeap 'profiled nmethods': size=120000Kb used=32140Kb max_used=32140Kb free=87859Kb
 bounds [0x0000017bedd00000, 0x0000017befc70000, 0x0000017bf5230000]
CodeHeap 'non-nmethods': size=5696Kb used=2415Kb max_used=2483Kb free=3281Kb
 bounds [0x0000017bed770000, 0x0000017bed9f0000, 0x0000017bedd00000]
 total_blobs=14860 nmethods=13910 adapters=862
 compilation: enabled
              stopped_count=0, restarted_count=0
 full_count=0

Compilation events (20 events):
Event: 312.759 Thread 0x0000017b829df000 14945       3       org.gradle.launcher.daemon.server.exec.LogToClient$AsynchronousLogDispatcher$1::onOutput (44 bytes)
Event: 312.761 Thread 0x0000017b829df000 nmethod 14945 0x0000017befc4f210 code [0x0000017befc4f460, 0x0000017befc4fe58]
Event: 312.774 Thread 0x0000017b829df000 14946       1       org.gradle.internal.logging.events.RenderableOutputEvent::getBuildOperationId (5 bytes)
Event: 312.774 Thread 0x0000017b829df000 nmethod 14946 0x0000017bf5cccf10 code [0x0000017bf5ccd0c0, 0x0000017bf5ccd178]
Event: 312.932 Thread 0x0000017b829df000 14947       3       org.gradle.internal.logging.text.AbstractStyledTextOutput::style (20 bytes)
Event: 312.932 Thread 0x0000017b829d5800 14948       4       org.gradle.internal.logging.text.AbstractLineChoppingStyledTextOutput$1::execute (140 bytes)
Event: 312.932 Thread 0x0000017b829df000 nmethod 14947 0x0000017befc50110 code [0x0000017befc502e0, 0x0000017befc50548]
Event: 312.933 Thread 0x0000017b829df000 14950       3       org.gradle.internal.logging.console.StyledTextOutputBackedRenderer::onOutput (260 bytes)
Event: 312.939 Thread 0x0000017b829df000 nmethod 14950 0x0000017befc50610 code [0x0000017befc50b40, 0x0000017befc53d38]
Event: 312.948 Thread 0x0000017b829df000 14951       3       org.gradle.internal.io.LineBufferingOutputStream::write (59 bytes)
Event: 312.950 Thread 0x0000017b829df000 nmethod 14951 0x0000017befc54b90 code [0x0000017befc54e60, 0x0000017befc55c38]
Event: 312.950 Thread 0x0000017b829df000 14956       2       sun.nio.cs.SingleByte$Encoder::encodeArrayLoop (233 bytes)
Event: 312.953 Thread 0x0000017b829df000 nmethod 14956 0x0000017befc56190 code [0x0000017befc56560, 0x0000017befc57548]
Event: 312.953 Thread 0x0000017b829df000 14957       2       org.gradle.internal.logging.text.AbstractLineChoppingStyledTextOutput::doAppend (43 bytes)
Event: 312.954 Thread 0x0000017b829df000 nmethod 14957 0x0000017befc58090 code [0x0000017befc58260, 0x0000017befc58528]
Event: 312.954 Thread 0x0000017b829df000 14954       3       org.gradle.internal.io.StreamByteBuffer$StreamByteBufferChunk::write (32 bytes)
Event: 312.954 Thread 0x0000017b829df000 nmethod 14954 0x0000017befc58690 code [0x0000017befc58840, 0x0000017befc589d8]
Event: 312.954 Thread 0x0000017b829df000 14952       3       org.gradle.internal.io.StreamByteBuffer$StreamByteBufferOutputStream::write (22 bytes)
Event: 312.955 Thread 0x0000017b829df000 nmethod 14952 0x0000017befc58a90 code [0x0000017befc58c60, 0x0000017befc58ec8]
Event: 312.955 Thread 0x0000017b829df000 14955       3       org.gradle.internal.io.LineBufferingOutputStream::endsWithLineSeparator (27 bytes)

GC Heap History (20 events):
Event: 285.351 GC heap before
{Heap before GC invocations=250 (full 0):
 garbage-first heap   total 199680K, used 131474K [0x00000000a0000000, 0x0000000100000000)
  region size 1024K, 31 young (31744K), 2 survivors (2048K)
 Metaspace       used 94735K, capacity 97399K, committed 97488K, reserved 1134592K
  class space    used 12130K, capacity 13105K, committed 13184K, reserved 1048576K
}
Event: 285.354 GC heap after
{Heap after GC invocations=251 (full 0):
 garbage-first heap   total 199680K, used 101789K [0x00000000a0000000, 0x0000000100000000)
  region size 1024K, 1 young (1024K), 1 survivors (1024K)
 Metaspace       used 94735K, capacity 97399K, committed 97488K, reserved 1134592K
  class space    used 12130K, capacity 13105K, committed 13184K, reserved 1048576K
}
Event: 286.116 GC heap before
{Heap before GC invocations=252 (full 0):
 garbage-first heap   total 199680K, used 173469K [0x00000000a0000000, 0x0000000100000000)
  region size 1024K, 70 young (71680K), 1 survivors (1024K)
 Metaspace       used 94735K, capacity 97399K, committed 97488K, reserved 1134592K
  class space    used 12130K, capacity 13105K, committed 13184K, reserved 1048576K
}
Event: 286.120 GC heap after
{Heap after GC invocations=253 (full 0):
 garbage-first heap   total 199680K, used 101731K [0x00000000a0000000, 0x0000000100000000)
  region size 1024K, 1 young (1024K), 1 survivors (1024K)
 Metaspace       used 94735K, capacity 97399K, committed 97488K, reserved 1134592K
  class space    used 12130K, capacity 13105K, committed 13184K, reserved 1048576K
}
Event: 287.501 GC heap before
{Heap before GC invocations=253 (full 0):
 garbage-first heap   total 199680K, used 173411K [0x00000000a0000000, 0x0000000100000000)
  region size 1024K, 71 young (72704K), 1 survivors (1024K)
 Metaspace       used 94736K, capacity 97399K, committed 97488K, reserved 1134592K
  class space    used 12130K, capacity 13105K, committed 13184K, reserved 1048576K
}
Event: 287.504 GC heap after
{Heap after GC invocations=254 (full 0):
 garbage-first heap   total 199680K, used 101782K [0x00000000a0000000, 0x0000000100000000)
  region size 1024K, 1 young (1024K), 1 survivors (1024K)
 Metaspace       used 94736K, capacity 97399K, committed 97488K, reserved 1134592K
  class space    used 12130K, capacity 13105K, committed 13184K, reserved 1048576K
}
Event: 288.564 GC heap before
{Heap before GC invocations=255 (full 0):
 garbage-first heap   total 199680K, used 175510K [0x00000000a0000000, 0x0000000100000000)
  region size 1024K, 71 young (72704K), 1 survivors (1024K)
 Metaspace       used 94736K, capacity 97399K, committed 97488K, reserved 1134592K
  class space    used 12130K, capacity 13105K, committed 13184K, reserved 1048576K
}
Event: 288.569 GC heap after
{Heap after GC invocations=256 (full 0):
 garbage-first heap   total 199680K, used 104653K [0x00000000a0000000, 0x0000000100000000)
  region size 1024K, 1 young (1024K), 1 survivors (1024K)
 Metaspace       used 94736K, capacity 97399K, committed 97488K, reserved 1134592K
  class space    used 12130K, capacity 13105K, committed 13184K, reserved 1048576K
}
Event: 289.449 GC heap before
{Heap before GC invocations=256 (full 0):
 garbage-first heap   total 199680K, used 175309K [0x00000000a0000000, 0x0000000100000000)
  region size 1024K, 70 young (71680K), 1 survivors (1024K)
 Metaspace       used 94736K, capacity 97399K, committed 97488K, reserved 1134592K
  class space    used 12130K, capacity 13105K, committed 13184K, reserved 1048576K
}
Event: 289.455 GC heap after
{Heap after GC invocations=257 (full 0):
 garbage-first heap   total 199680K, used 105586K [0x00000000a0000000, 0x0000000100000000)
  region size 1024K, 2 young (2048K), 2 survivors (2048K)
 Metaspace       used 94736K, capacity 97399K, committed 97488K, reserved 1134592K
  class space    used 12130K, capacity 13105K, committed 13184K, reserved 1048576K
}
Event: 290.754 GC heap before
{Heap before GC invocations=258 (full 0):
 garbage-first heap   total 199680K, used 175218K [0x00000000a0000000, 0x0000000100000000)
  region size 1024K, 70 young (71680K), 2 survivors (2048K)
 Metaspace       used 94737K, capacity 97400K, committed 97488K, reserved 1134592K
  class space    used 12130K, capacity 13105K, committed 13184K, reserved 1048576K
}
Event: 290.759 GC heap after
{Heap after GC invocations=259 (full 0):
 garbage-first heap   total 199680K, used 102259K [0x00000000a0000000, 0x0000000100000000)
  region size 1024K, 1 young (1024K), 1 survivors (1024K)
 Metaspace       used 94737K, capacity 97400K, committed 97488K, reserved 1134592K
  class space    used 12130K, capacity 13105K, committed 13184K, reserved 1048576K
}
Event: 291.562 GC heap before
{Heap before GC invocations=259 (full 0):
 garbage-first heap   total 199680K, used 172915K [0x00000000a0000000, 0x0000000100000000)
  region size 1024K, 70 young (71680K), 1 survivors (1024K)
 Metaspace       used 94743K, capacity 97401K, committed 97488K, reserved 1134592K
  class space    used 12130K, capacity 13105K, committed 13184K, reserved 1048576K
}
Event: 291.567 GC heap after
{Heap after GC invocations=260 (full 0):
 garbage-first heap   total 199680K, used 101872K [0x00000000a0000000, 0x0000000100000000)
  region size 1024K, 1 young (1024K), 1 survivors (1024K)
 Metaspace       used 94743K, capacity 97401K, committed 97488K, reserved 1134592K
  class space    used 12130K, capacity 13105K, committed 13184K, reserved 1048576K
}
Event: 295.957 GC heap before
{Heap before GC invocations=261 (full 0):
 garbage-first heap   total 199680K, used 175600K [0x00000000a0000000, 0x0000000100000000)
  region size 1024K, 71 young (72704K), 1 survivors (1024K)
 Metaspace       used 97039K, capacity 99844K, committed 100176K, reserved 1136640K
  class space    used 12439K, capacity 13461K, committed 13568K, reserved 1048576K
}
Event: 295.983 GC heap after
{Heap after GC invocations=262 (full 0):
 garbage-first heap   total 199680K, used 112261K [0x00000000a0000000, 0x0000000100000000)
  region size 1024K, 8 young (8192K), 8 survivors (8192K)
 Metaspace       used 97039K, capacity 99844K, committed 100176K, reserved 1136640K
  class space    used 12439K, capacity 13461K, committed 13568K, reserved 1048576K
}
Event: 300.625 GC heap before
{Heap before GC invocations=262 (full 0):
 garbage-first heap   total 199680K, used 169605K [0x00000000a0000000, 0x0000000100000000)
  region size 1024K, 64 young (65536K), 8 survivors (8192K)
 Metaspace       used 102056K, capacity 104864K, committed 104912K, reserved 1140736K
  class space    used 13134K, capacity 14175K, committed 14208K, reserved 1048576K
}
Event: 300.670 GC heap after
{Heap after GC invocations=263 (full 0):
 garbage-first heap   total 199680K, used 116111K [0x00000000a0000000, 0x0000000100000000)
  region size 1024K, 4 young (4096K), 4 survivors (4096K)
 Metaspace       used 102056K, capacity 104864K, committed 104912K, reserved 1140736K
  class space    used 13134K, capacity 14175K, committed 14208K, reserved 1048576K
}
Event: 304.791 GC heap before
{Heap before GC invocations=264 (full 0):
 garbage-first heap   total 199680K, used 170383K [0x00000000a0000000, 0x0000000100000000)
  region size 1024K, 57 young (58368K), 4 survivors (4096K)
 Metaspace       used 104048K, capacity 107013K, committed 107216K, reserved 1142784K
  class space    used 13365K, capacity 14414K, committed 14464K, reserved 1048576K
}
Event: 304.843 GC heap after
{Heap after GC invocations=265 (full 0):
 garbage-first heap   total 199680K, used 122433K [0x00000000a0000000, 0x0000000100000000)
  region size 1024K, 8 young (8192K), 8 survivors (8192K)
 Metaspace       used 104048K, capacity 107013K, committed 107216K, reserved 1142784K
  class space    used 13365K, capacity 14414K, committed 14464K, reserved 1048576K
}

Deoptimization events (20 events):
Event: 308.351 Thread 0x0000017b85a7b000 Uncommon trap: trap_request=0xffffffc6 fr.pc=0x0000017bf5cbc9c8 relative=0x0000000000001d88
Event: 308.351 Thread 0x0000017b85a7b000 Uncommon trap: reason=bimorphic_or_optimized_type_check action=maybe_recompile pc=0x0000017bf5cbc9c8 method=org.gradle.internal.snapshot.AbstractListChildMap.store(Lorg/gradle/internal/snapshot/VfsRelativePath;Lorg/gradle/internal/snapshot/CaseSensitivity
Event: 308.351 Thread 0x0000017b85a7b000 DEOPT PACKING pc=0x0000017bf5cbc9c8 sp=0x00000023d9cf9dd0
Event: 308.351 Thread 0x0000017b85a7b000 DEOPT UNPACKING pc=0x0000017bed7ba1a9 sp=0x00000023d9cf9dd0 mode 2
Event: 308.351 Thread 0x0000017b85a7b000 Uncommon trap: trap_request=0xffffffc6 fr.pc=0x0000017bf5cbc9c8 relative=0x0000000000001d88
Event: 308.351 Thread 0x0000017b85a7b000 Uncommon trap: reason=bimorphic_or_optimized_type_check action=maybe_recompile pc=0x0000017bf5cbc9c8 method=org.gradle.internal.snapshot.AbstractListChildMap.store(Lorg/gradle/internal/snapshot/VfsRelativePath;Lorg/gradle/internal/snapshot/CaseSensitivity
Event: 308.351 Thread 0x0000017b85a7b000 DEOPT PACKING pc=0x0000017bf5cbc9c8 sp=0x00000023d9cf9dd0
Event: 308.351 Thread 0x0000017b85a7b000 DEOPT UNPACKING pc=0x0000017bed7ba1a9 sp=0x00000023d9cf9dd0 mode 2
Event: 308.351 Thread 0x0000017b85a7b000 Uncommon trap: trap_request=0xffffffc6 fr.pc=0x0000017bf5cbc9c8 relative=0x0000000000001d88
Event: 308.351 Thread 0x0000017b85a7b000 Uncommon trap: reason=bimorphic_or_optimized_type_check action=maybe_recompile pc=0x0000017bf5cbc9c8 method=org.gradle.internal.snapshot.AbstractListChildMap.store(Lorg/gradle/internal/snapshot/VfsRelativePath;Lorg/gradle/internal/snapshot/CaseSensitivity
Event: 308.351 Thread 0x0000017b85a7b000 DEOPT PACKING pc=0x0000017bf5cbc9c8 sp=0x00000023d9cf9dd0
Event: 308.351 Thread 0x0000017b85a7b000 DEOPT UNPACKING pc=0x0000017bed7ba1a9 sp=0x00000023d9cf9dd0 mode 2
Event: 308.467 Thread 0x0000017b85a7b000 Uncommon trap: trap_request=0xfffffff4 fr.pc=0x0000017bf5ca2b18 relative=0x00000000000000f8
Event: 308.467 Thread 0x0000017b85a7b000 Uncommon trap: reason=null_check action=make_not_entrant pc=0x0000017bf5ca2b18 method=org.gradle.internal.instantiation.generator.AbstractClassGenerator.isPropertyType(Ljava/lang/Class;)Z @ 3 c2
Event: 308.467 Thread 0x0000017b85a7b000 DEOPT PACKING pc=0x0000017bf5ca2b18 sp=0x00000023d9cf9330
Event: 308.467 Thread 0x0000017b85a7b000 DEOPT UNPACKING pc=0x0000017bed7ba1a9 sp=0x00000023d9cf92c0 mode 2
Event: 312.759 Thread 0x0000017b85a7e800 Uncommon trap: trap_request=0xffffff4d fr.pc=0x0000017bf535f404 relative=0x0000000000000324
Event: 312.759 Thread 0x0000017b85a7e800 Uncommon trap: reason=unstable_if action=reinterpret pc=0x0000017bf535f404 method=org.gradle.internal.logging.sink.OutputEventRenderer.onOutput(Lorg/gradle/internal/logging/events/OutputEvent;)V @ 24 c2
Event: 312.759 Thread 0x0000017b85a7e800 DEOPT PACKING pc=0x0000017bf535f404 sp=0x00000023da0fe810
Event: 312.759 Thread 0x0000017b85a7e800 DEOPT UNPACKING pc=0x0000017bed7ba1a9 sp=0x00000023da0fe7c8 mode 2

Classes redefined (0 events):
No events

Internal exceptions (20 events):
Event: 308.497 Thread 0x0000017b85a7b000 Exception <a 'java/lang/ClassNotFoundException'{0x00000000a9d89e60}: org/gradle/process/internal/DefaultExecAction_DecoratedBeanInfo> (0x00000000a9d89e60) thrown at [./src/hotspot/share/classfile/systemDictionary.cpp, line 231]
Event: 308.499 Thread 0x0000017b85a7b000 Exception <a 'java/lang/ClassNotFoundException'{0x00000000a9dbf060}: org/gradle/process/internal/DefaultExecActionBeanInfo> (0x00000000a9dbf060) thrown at [./src/hotspot/share/classfile/systemDictionary.cpp, line 231]
Event: 308.500 Thread 0x0000017b85a7b000 Exception <a 'java/lang/ClassNotFoundException'{0x00000000a9df7ac8}: org/gradle/process/internal/DefaultExecHandleBuilderBeanInfo> (0x00000000a9df7ac8) thrown at [./src/hotspot/share/classfile/systemDictionary.cpp, line 231]
Event: 308.502 Thread 0x0000017b85a7b000 Exception <a 'java/lang/ClassNotFoundException'{0x00000000a9c30e40}: org/gradle/process/internal/AbstractExecHandleBuilderBeanInfo> (0x00000000a9c30e40) thrown at [./src/hotspot/share/classfile/systemDictionary.cpp, line 231]
Event: 308.513 Thread 0x0000017b85a7b000 Exception <a 'java/lang/ClassNotFoundException'{0x00000000a9c6a2b0}: org/gradle/process/internal/DefaultProcessForkOptionsBeanInfo> (0x00000000a9c6a2b0) thrown at [./src/hotspot/share/classfile/systemDictionary.cpp, line 231]
Event: 308.515 Thread 0x0000017b85a7b000 Exception <a 'java/lang/ClassNotFoundException'{0x00000000a9ca3f78}: org/gradle/process/internal/DefaultProcessForkOptionsCustomizer> (0x00000000a9ca3f78) thrown at [./src/hotspot/share/classfile/systemDictionary.cpp, line 231]
Event: 308.519 Thread 0x0000017b85a7b000 Exception <a 'java/lang/ClassNotFoundException'{0x00000000a9cea870}: org/gradle/process/internal/AbstractExecHandleBuilderCustomizer> (0x00000000a9cea870) thrown at [./src/hotspot/share/classfile/systemDictionary.cpp, line 231]
Event: 308.526 Thread 0x0000017b85a7b000 Exception <a 'java/lang/ClassNotFoundException'{0x00000000a9b35068}: org/gradle/process/internal/DefaultExecHandleBuilderCustomizer> (0x00000000a9b35068) thrown at [./src/hotspot/share/classfile/systemDictionary.cpp, line 231]
Event: 308.530 Thread 0x0000017b85a7b000 Exception <a 'java/lang/ClassNotFoundException'{0x00000000a9b97158}: org/gradle/process/internal/DefaultExecActionCustomizer> (0x00000000a9b97158) thrown at [./src/hotspot/share/classfile/systemDictionary.cpp, line 231]
Event: 308.532 Thread 0x0000017b85a7b000 Exception <a 'java/lang/ClassNotFoundException'{0x00000000a9bd9ba0}: org/gradle/process/internal/DefaultExecAction_DecoratedCustomizer> (0x00000000a9bd9ba0) thrown at [./src/hotspot/share/classfile/systemDictionary.cpp, line 231]
Event: 308.537 Thread 0x0000017b85a7b000 Exception <a 'java/lang/ClassNotFoundException'{0x00000000a9a395f0}: org/gradle/api/logging/LogLevelBeanInfo> (0x00000000a9a395f0) thrown at [./src/hotspot/share/classfile/systemDictionary.cpp, line 231]
Event: 308.544 Thread 0x0000017b85a7b000 Exception <a 'java/lang/ClassNotFoundException'{0x00000000a9a69390}: org/gradle/api/logging/LogLevelCustomizer> (0x00000000a9a69390) thrown at [./src/hotspot/share/classfile/systemDictionary.cpp, line 231]
Event: 308.563 Thread 0x0000017b85a7b000 Exception <a 'java/lang/ClassNotFoundException'{0x00000000a9ae2ea0}: org/gradle/internal/logging/services/DefaultLoggingManagerBeanInfo> (0x00000000a9ae2ea0) thrown at [./src/hotspot/share/classfile/systemDictionary.cpp, line 231]
Event: 308.564 Thread 0x0000017b85a7b000 Exception <a 'java/lang/ClassNotFoundException'{0x00000000a991e100}: org/gradle/internal/logging/services/DefaultLoggingManagerCustomizer> (0x00000000a991e100) thrown at [./src/hotspot/share/classfile/systemDictionary.cpp, line 231]
Event: 308.584 Thread 0x0000017b85a7b000 Exception <a 'java/lang/ClassNotFoundException'{0x00000000a995cb08}: java/lang/BooleanBeanInfo> (0x00000000a995cb08) thrown at [./src/hotspot/share/classfile/systemDictionary.cpp, line 231]
Event: 308.584 Thread 0x0000017b85a7b000 Exception <a 'java/lang/ClassNotFoundException'{0x00000000a996a9d8}: java/lang/BooleanCustomizer> (0x00000000a996a9d8) thrown at [./src/hotspot/share/classfile/systemDictionary.cpp, line 231]
Event: 308.712 Thread 0x0000017b85a7f000 Exception <a 'java/lang/NoSuchMethodError'{0x00000000a99f35a0}: 'void java.lang.invoke.DirectMethodHandle$Holder.invokeStatic(java.lang.Object, long)'> (0x00000000a99f35a0) thrown at [./src/hotspot/share/interpreter/linkResolver.cpp, line 773]
Event: 308.713 Thread 0x0000017b85a7f000 Exception <a 'java/lang/NoSuchMethodError'{0x00000000a99f8510}: 'java.lang.Object java.lang.invoke.DirectMethodHandle$Holder.invokeStatic(java.lang.Object, long)'> (0x00000000a99f8510) thrown at [./src/hotspot/share/interpreter/linkResolver.cpp, line 773]
Event: 308.713 Thread 0x0000017b85a7f000 Exception <a 'java/lang/NoSuchMethodError'{0x00000000a99fb838}: 'java.lang.Object java.lang.invoke.DirectMethodHandle$Holder.invokeSpecial(java.lang.Object, java.lang.Object, long)'> (0x00000000a99fb838) thrown at [./src/hotspot/share/interpreter/linkResolver.cpp, line 773]
Event: 308.716 Thread 0x0000017b85a7f000 Exception <a 'java/lang/NoSuchMethodError'{0x00000000a9806890}: 'java.lang.Object java.lang.invoke.DirectMethodHandle$Holder.invokeStaticInit(java.lang.Object, java.lang.Object, long, java.lang.Object)'> (0x00000000a9806890) thrown at [./src/hotspot/share/interpreter/linkResolver.cpp, line 773]

Events (20 events):
Event: 308.714 loading class java/lang/ProcessHandleImpl
Event: 308.715 loading class java/lang/ProcessHandleImpl done
Event: 308.717 loading class java/lang/ProcessImpl$2
Event: 308.717 loading class java/lang/ProcessImpl$2 done
Event: 308.718 loading class java/lang/Process$PipeInputStream
Event: 308.718 loading class java/lang/Process$PipeInputStream done
Event: 308.718 loading class org/gradle/process/internal/streams/ExecOutputHandleRunner
Event: 308.718 loading class org/gradle/process/internal/streams/ExecOutputHandleRunner done
Event: 308.719 Thread 0x0000017b85a7e800 Thread added: 0x0000017b85a7e800
Event: 308.720 Thread 0x0000017b85a81800 Thread added: 0x0000017b85a81800
Event: 312.755 loading class org/gradle/internal/logging/events/StyledTextOutputEvent$Span
Event: 312.755 loading class org/gradle/internal/logging/events/StyledTextOutputEvent$Span done
Event: 312.756 loading class org/gradle/internal/logging/events/operations/StyledTextBuildOperationProgressDetails$Span
Event: 312.756 loading class org/gradle/internal/logging/events/operations/StyledTextBuildOperationProgressDetails$Span done
Event: 312.756 loading class org/gradle/internal/operations/logging/StyledTextBuildOperationProgressDetails$Span
Event: 312.756 loading class org/gradle/internal/operations/logging/StyledTextBuildOperationProgressDetails$Span done
Event: 312.757 Executing VM operation: RevokeBias
Event: 312.757 Executing VM operation: RevokeBias done
Event: 312.758 Executing VM operation: RevokeBias
Event: 312.758 Executing VM operation: RevokeBias done


Dynamic libraries:
0x00007ff70da70000 - 0x00007ff70da7a000 	C:\Program Files\Android\Android Studio1\jre\bin\java.exe
0x00007fff841b0000 - 0x00007fff843a8000 	C:\Windows\SYSTEM32\ntdll.dll
0x00007fff83580000 - 0x00007fff8363f000 	C:\Windows\System32\KERNEL32.DLL
0x00007fff81cb0000 - 0x00007fff81f82000 	C:\Windows\System32\KERNELBASE.dll
0x00007fff81a50000 - 0x00007fff81b50000 	C:\Windows\System32\ucrtbase.dll
0x00007fff6f400000 - 0x00007fff6f419000 	C:\Program Files\Android\Android Studio1\jre\bin\jli.dll
0x00007fff83f90000 - 0x00007fff84131000 	C:\Windows\System32\USER32.dll
0x00007fff81940000 - 0x00007fff81962000 	C:\Windows\System32\win32u.dll
0x00007fff84140000 - 0x00007fff8416b000 	C:\Windows\System32\GDI32.dll
0x00007fff81f90000 - 0x00007fff8209f000 	C:\Windows\System32\gdi32full.dll
0x00007fff818a0000 - 0x00007fff8193d000 	C:\Windows\System32\msvcp_win.dll
0x00007fff6f380000 - 0x00007fff6f397000 	C:\Program Files\Android\Android Studio1\jre\bin\VCRUNTIME140.dll
0x00007fff71460000 - 0x00007fff716fa000 	C:\Windows\WinSxS\amd64_microsoft.windows.common-controls_6595b64144ccf1df_6.0.19041.1110_none_60b5254171f9507e\COMCTL32.dll
0x00007fff83760000 - 0x00007fff837fe000 	C:\Windows\System32\msvcrt.dll
0x00007fff83860000 - 0x00007fff83892000 	C:\Windows\System32\IMM32.DLL
0x00007fff66830000 - 0x00007fff668cd000 	C:\Program Files\Android\Android Studio1\jre\bin\msvcp140.dll
0x00007fff48440000 - 0x00007fff48f42000 	C:\Program Files\Android\Android Studio1\jre\bin\server\jvm.dll
0x00007fff821f0000 - 0x00007fff8229e000 	C:\Windows\System32\ADVAPI32.dll
0x00007fff83450000 - 0x00007fff834ec000 	C:\Windows\System32\sechost.dll
0x00007fff83c60000 - 0x00007fff83d85000 	C:\Windows\System32\RPCRT4.dll
0x00007fff7ef20000 - 0x00007fff7ef29000 	C:\Windows\SYSTEM32\WSOCK32.dll
0x00007fff83f20000 - 0x00007fff83f8b000 	C:\Windows\System32\WS2_32.dll
0x00007fff75a10000 - 0x00007fff75a1a000 	C:\Windows\SYSTEM32\VERSION.dll
0x00007fff82810000 - 0x00007fff82818000 	C:\Windows\System32\PSAPI.DLL
0x00007fff743c0000 - 0x00007fff743e7000 	C:\Windows\SYSTEM32\WINMM.dll
0x00007fff7f760000 - 0x00007fff7f772000 	C:\Windows\SYSTEM32\kernel.appcore.dll
0x00007fff6ee50000 - 0x00007fff6ee61000 	C:\Program Files\Android\Android Studio1\jre\bin\verify.dll
0x00007fff74b60000 - 0x00007fff74d44000 	C:\Windows\SYSTEM32\DBGHELP.DLL
0x00007fff74ad0000 - 0x00007fff74b05000 	C:\Windows\SYSTEM32\dbgcore.DLL
0x00007fff81970000 - 0x00007fff819f2000 	C:\Windows\System32\bcryptPrimitives.dll
0x00007fff6b490000 - 0x00007fff6b4b9000 	C:\Program Files\Android\Android Studio1\jre\bin\java.dll
0x00007fff7eec0000 - 0x00007fff7eecb000 	C:\Program Files\Android\Android Studio1\jre\bin\jimage.dll
0x00007fff6cb70000 - 0x00007fff6cb88000 	C:\Program Files\Android\Android Studio1\jre\bin\zip.dll
0x00007fff82820000 - 0x00007fff82f65000 	C:\Windows\System32\SHELL32.dll
0x00007fff7f960000 - 0x00007fff800f2000 	C:\Windows\SYSTEM32\windows.storage.dll
0x00007fff838a0000 - 0x00007fff83bf5000 	C:\Windows\System32\combase.dll
0x00007fff81290000 - 0x00007fff812c0000 	C:\Windows\SYSTEM32\Wldp.dll
0x00007fff83e70000 - 0x00007fff83f1d000 	C:\Windows\System32\SHCORE.dll
0x00007fff83800000 - 0x00007fff83855000 	C:\Windows\System32\shlwapi.dll
0x00007fff817e0000 - 0x00007fff817ff000 	C:\Windows\SYSTEM32\profapi.dll
0x00007fff6b4e0000 - 0x00007fff6b4fa000 	C:\Program Files\Android\Android Studio1\jre\bin\net.dll
0x00007fff771e0000 - 0x00007fff772ec000 	C:\Windows\SYSTEM32\WINHTTP.dll
0x00007fff80f80000 - 0x00007fff80fea000 	C:\Windows\system32\mswsock.dll
0x00007fff6b070000 - 0x00007fff6b084000 	C:\Program Files\Android\Android Studio1\jre\bin\nio.dll
0x00007fff6a730000 - 0x00007fff6a757000 	C:\Users\ba_cr\.gradle\native\e1d6ef7f7dcc3fd88c89a11ec53ec762bb8ba0a96d01ffa2cd45eb1d1d8dd5c5\windows-amd64\native-platform.dll
0x00007fff5ae50000 - 0x00007fff5af94000 	C:\Users\ba_cr\.gradle\native\0d407fdbe67a94daf76414ababcb853783967236a71b16ec16e742cd7a986fd3\windows-amd64\native-platform-file-events.dll
0x00007fff7dd40000 - 0x00007fff7dd4a000 	C:\Program Files\Android\Android Studio1\jre\bin\management.dll
0x00007fff7a910000 - 0x00007fff7a91d000 	C:\Program Files\Android\Android Studio1\jre\bin\management_ext.dll
0x00007fff81170000 - 0x00007fff81188000 	C:\Windows\SYSTEM32\CRYPTSP.dll
0x00007fff808a0000 - 0x00007fff808d4000 	C:\Windows\system32\rsaenh.dll
0x00007fff821c0000 - 0x00007fff821e7000 	C:\Windows\System32\bcrypt.dll
0x00007fff817a0000 - 0x00007fff817ce000 	C:\Windows\SYSTEM32\USERENV.dll
0x00007fff81190000 - 0x00007fff8119c000 	C:\Windows\SYSTEM32\CRYPTBASE.dll
0x00007fff80c70000 - 0x00007fff80cab000 	C:\Windows\SYSTEM32\IPHLPAPI.DLL
0x00007fff83020000 - 0x00007fff83028000 	C:\Windows\System32\NSI.dll
0x00007fff776f0000 - 0x00007fff77707000 	C:\Windows\SYSTEM32\dhcpcsvc6.DLL
0x00007fff77a80000 - 0x00007fff77a9d000 	C:\Windows\SYSTEM32\dhcpcsvc.DLL
0x00007fff80cb0000 - 0x00007fff80d7b000 	C:\Windows\SYSTEM32\DNSAPI.dll
0x00007fff6db50000 - 0x00007fff6db77000 	C:\Program Files\Android\Android Studio1\jre\bin\sunec.dll
0x00007fff76a00000 - 0x00007fff76a0a000 	C:\Windows\System32\rasadhlp.dll
0x00007fff76b20000 - 0x00007fff76ba0000 	C:\Windows\System32\fwpuclnt.dll

dbghelp: loaded successfully - version: 4.0.5 - missing functions: none
symbol engine: initialized successfully - sym options: 0x614 - pdb path: .;C:\Program Files\Android\Android Studio1\jre\bin;C:\Windows\SYSTEM32;C:\Windows\WinSxS\amd64_microsoft.windows.common-controls_6595b64144ccf1df_6.0.19041.1110_none_60b5254171f9507e;C:\Program Files\Android\Android Studio1\jre\bin\server;C:\Users\ba_cr\.gradle\native\e1d6ef7f7dcc3fd88c89a11ec53ec762bb8ba0a96d01ffa2cd45eb1d1d8dd5c5\windows-amd64;C:\Users\ba_cr\.gradle\native\0d407fdbe67a94daf76414ababcb853783967236a71b16ec16e742cd7a986fd3\windows-amd64

VM Arguments:
jvm_args: --add-opens=java.base/java.util=ALL-UNNAMED --add-opens=java.base/java.lang=ALL-UNNAMED --add-opens=java.base/java.lang.invoke=ALL-UNNAMED --add-opens=java.base/java.util=ALL-UNNAMED --add-opens=java.prefs/java.util.prefs=ALL-UNNAMED --add-opens=java.prefs/java.util.prefs=ALL-UNNAMED --add-opens=java.base/java.nio.charset=ALL-UNNAMED --add-opens=java.base/java.net=ALL-UNNAMED --add-opens=java.base/java.util.concurrent.atomic=ALL-UNNAMED -Xmx1536M -Dfile.encoding=windows-1252 -Duser.country=ES -Duser.language=es -Duser.variant 
java_command: org.gradle.launcher.daemon.bootstrap.GradleDaemon 7.5
java_class_path (initial): C:\Users\ba_cr\.gradle\wrapper\dists\gradle-7.5-all\6qsw290k5lz422uaf8jf6m7co\gradle-7.5\lib\gradle-launcher-7.5.jar
Launcher Type: SUN_STANDARD

[Global flags]
     intx CICompilerCount                          = 2                                         {product} {ergonomic}
     uint ConcGCThreads                            = 1                                         {product} {ergonomic}
     uint G1ConcRefinementThreads                  = 2                                         {product} {ergonomic}
   size_t G1HeapRegionSize                         = 1048576                                   {product} {ergonomic}
    uintx GCDrainStackTargetSize                   = 64                                        {product} {ergonomic}
   size_t InitialHeapSize                          = 67108864                                  {product} {ergonomic}
   size_t MarkStackSize                            = 4194304                                   {product} {ergonomic}
   size_t MaxHeapSize                              = 1610612736                                {product} {command line}
   size_t MaxNewSize                               = 965738496                                 {product} {ergonomic}
   size_t MinHeapDeltaBytes                        = 1048576                                   {product} {ergonomic}
    uintx NonNMethodCodeHeapSize                   = 5825164                                {pd product} {ergonomic}
    uintx NonProfiledCodeHeapSize                  = 122916538                              {pd product} {ergonomic}
    uintx ProfiledCodeHeapSize                     = 122916538                              {pd product} {ergonomic}
    uintx ReservedCodeCacheSize                    = 251658240                              {pd product} {ergonomic}
     bool SegmentedCodeCache                       = true                                      {product} {ergonomic}
     bool UseCompressedClassPointers               = true                                 {lp64_product} {ergonomic}
     bool UseCompressedOops                        = true                                 {lp64_product} {ergonomic}
     bool UseG1GC                                  = true                                      {product} {ergonomic}
     bool UseLargePagesIndividualAllocation        = false                                  {pd product} {ergonomic}

Logging:
Log output configuration:
 #0: stdout all=warning uptime,level,tags
 #1: stderr all=off uptime,level,tags

Environment Variables:
JAVA_HOME=C:\Program Files\Android\Android Studio1\jre
CLASSPATH=C:\Users\ba_cr\Desktop\Flutter\bus_ticket\android\\gradle\wrapper\gradle-wrapper.jar
PATH=C:\Program Files\Common Files\Oracle\Java\javapath;C:\Windows\system32;C:\Windows;C:\Windows\System32\Wbem;C:\Windows\System32\WindowsPowerShell\v1.0\;C:\Windows\System32\OpenSSH\;C:\mingw64\bin;C:\Program Files\dotnet\;C:\Program Files\Microsoft SQL Server\150\Tools\Binn\;C:\Program Files\Microsoft SQL Server\Client SDK\ODBC\170\Tools\Binn\;C:\Program Files\Git\cmd;C:\Program Files\MySQL\MySQL Shell 8.0\bin\;C:\Users\ba_cr\AppData\Local\Programs\Python\Python310\Scripts\;C:\Users\ba_cr\AppData\Local\Programs\Python\Python310\;C:\Users\ba_cr\AppData\Local\Microsoft\WindowsApps;C:\Users\ba_cr\AppData\Local\Programs\Microsoft VS Code\bin;C:\mingw64\bin;C:\Users\ba_cr\.dotnet\tools;C:\Users\ba_cr\Documents\flutter\bin;;C:\Users\ba_cr\Documents\flutter\bin\mingit\cmd
USERNAME=ba_cr
OS=Windows_NT
PROCESSOR_IDENTIFIER=Intel64 Family 6 Model 58 Stepping 9, GenuineIntel



---------------  S Y S T E M  ---------------

OS: Windows 10 , 64 bit Build 19041 (10.0.19041.2546)
OS uptime: 7 days 3:17 hours

CPU:total 2 (initial active 2) (2 cores per cpu, 1 threads per core) family 6 model 58 stepping 9 microcode 0x21, cmov, cx8, fxsr, mmx, sse, sse2, sse3, ssse3, sse4.1, sse4.2, popcnt, clmul, erms, tsc, tscinvbit, tscinv

Memory: 4k page, system-wide physical 3972M (253M free)
TotalPageFile size 16260M (AvailPageFile size 2M)
current process WorkingSet (physical memory assigned to process): 451M, peak: 473M
current process commit charge ("private bytes"): 493M, peak: 513M

vm_info: OpenJDK 64-Bit Server VM (11.0.13+0-b1751.21-8125866) for windows-amd64 JRE (11.0.13+0-b1751.21-8125866), built on Feb  2 2022 03:00:22 by "builder" with MS VC++ 14.0 (VS2015)

END.
